c:\users\administrator\desktop\college\digipen\fall 2015\cs 529 - fundamentals of game dev\gameengine\gameengine\gameengine\debug\vc140.pdb
c:\users\administrator\desktop\college\digipen\fall 2015\cs 529 - fundamentals of game dev\gameengine\gameengine\gameengine\debug\vc140.idb
c:\users\administrator\desktop\college\digipen\fall 2015\cs 529 - fundamentals of game dev\gameengine\gameengine\gameengine\debug\component.obj
c:\users\administrator\desktop\college\digipen\fall 2015\cs 529 - fundamentals of game dev\gameengine\gameengine\gameengine\debug\controller.obj
c:\users\administrator\desktop\college\digipen\fall 2015\cs 529 - fundamentals of game dev\gameengine\gameengine\gameengine\debug\frameratecontroller.obj
c:\users\administrator\desktop\college\digipen\fall 2015\cs 529 - fundamentals of game dev\gameengine\gameengine\gameengine\debug\gameobject.obj
c:\users\administrator\desktop\college\digipen\fall 2015\cs 529 - fundamentals of game dev\gameengine\gameengine\gameengine\debug\inputmanager.obj
c:\users\administrator\desktop\college\digipen\fall 2015\cs 529 - fundamentals of game dev\gameengine\gameengine\gameengine\debug\resourcemanager.obj
c:\users\administrator\desktop\college\digipen\fall 2015\cs 529 - fundamentals of game dev\gameengine\gameengine\gameengine\debug\source.obj
c:\users\administrator\desktop\college\digipen\fall 2015\cs 529 - fundamentals of game dev\gameengine\gameengine\gameengine\debug\sprite.obj
c:\users\administrator\desktop\college\digipen\fall 2015\cs 529 - fundamentals of game dev\gameengine\gameengine\gameengine\debug\transform.obj
c:\users\administrator\desktop\college\digipen\fall 2015\cs 529 - fundamentals of game dev\gameengine\gameengine\gameengine\debug\updown.obj
c:\users\administrator\desktop\college\digipen\fall 2015\cs 529 - fundamentals of game dev\gameengine\gameengine\debug\gameengine.ilk
c:\users\administrator\desktop\college\digipen\fall 2015\cs 529 - fundamentals of game dev\gameengine\gameengine\debug\gameengine.exe
c:\users\administrator\desktop\college\digipen\fall 2015\cs 529 - fundamentals of game dev\gameengine\gameengine\debug\gameengine.pdb
c:\users\administrator\desktop\college\digipen\fall 2015\cs 529 - fundamentals of game dev\gameengine\gameengine\gameengine\debug\gameengine.tlog\cl.command.1.tlog
c:\users\administrator\desktop\college\digipen\fall 2015\cs 529 - fundamentals of game dev\gameengine\gameengine\gameengine\debug\gameengine.tlog\cl.read.1.tlog
c:\users\administrator\desktop\college\digipen\fall 2015\cs 529 - fundamentals of game dev\gameengine\gameengine\gameengine\debug\gameengine.tlog\cl.write.1.tlog
c:\users\administrator\desktop\college\digipen\fall 2015\cs 529 - fundamentals of game dev\gameengine\gameengine\gameengine\debug\gameengine.tlog\link.command.1.tlog
c:\users\administrator\desktop\college\digipen\fall 2015\cs 529 - fundamentals of game dev\gameengine\gameengine\gameengine\debug\gameengine.tlog\link.read.1.tlog
c:\users\administrator\desktop\college\digipen\fall 2015\cs 529 - fundamentals of game dev\gameengine\gameengine\gameengine\debug\gameengine.tlog\link.write.1.tlog
