Build started 10/21/2015 1:47:50 PM.
     1>Project "C:\Users\Administrator\Documents\GitHub\DigiPen\GameEngine\GameEngine\GameEngine\GameEngine.vcxproj" on node 2 (Build target(s)).
     1>ClCompile:
         C:\Program Files (x86)\Microsoft Visual Studio 14.0\VC\bin\CL.exe /c /ZI /nologo /W3 /WX- /sdl /Od /Oy- /D WIN32 /D _DEBUG /D _WINDOWS /D _UNICODE /D UNICODE /Gm /EHsc /RTC1 /MDd /GS /fp:precise /Zc:wchar_t /Zc:forScope /Zc:inline /Fo"Debug\\" /Fd"Debug\vc140.pdb" /Gd /TP /analyze- /errorReport:prompt Component.cpp Controller.cpp FramerateController.cpp GameObject.cpp InputManager.cpp ResourceManager.cpp Source.cpp Sprite.cpp Transform.cpp UpDown.cpp
         UpDown.cpp
     1>c:\users\administrator\documents\github\digipen\gameengine\gameengine\gameengine\updown.cpp(45): warning C4244: 'argument': conversion from 'float' to 'int', possible loss of data
     1>c:\users\administrator\documents\github\digipen\gameengine\gameengine\gameengine\updown.cpp(50): warning C4244: 'argument': conversion from 'float' to 'int', possible loss of data
         Transform.cpp
         Sprite.cpp
         Source.cpp
         ResourceManager.cpp
         InputManager.cpp
         GameObject.cpp
         FramerateController.cpp
         Controller.cpp
         Component.cpp
         Generating Code...
       Link:
         C:\Program Files (x86)\Microsoft Visual Studio 14.0\VC\bin\link.exe /ERRORREPORT:PROMPT /OUT:"C:\Users\Administrator\Documents\GitHub\DigiPen\GameEngine\GameEngine\Debug\GameEngine.exe" /INCREMENTAL /NOLOGO /LIBPATH:..\..\SDL\lib\win32 SDL2.lib SDL2main.lib SDL2_image.lib legacy_stdio_definitions.lib kernel32.lib user32.lib gdi32.lib winspool.lib comdlg32.lib advapi32.lib shell32.lib ole32.lib oleaut32.lib uuid.lib odbc32.lib odbccp32.lib /MANIFEST /MANIFESTUAC:"level='asInvoker' uiAccess='false'" /manifest:embed /Debug /PDB:"C:\Users\Administrator\Documents\GitHub\DigiPen\GameEngine\GameEngine\Debug\GameEngine.pdb" /SUBSYSTEM:WINDOWS /TLBID:1 /DYNAMICBASE /NXCOMPAT /IMPLIB:"C:\Users\Administrator\Documents\GitHub\DigiPen\GameEngine\GameEngine\Debug\GameEngine.lib" /MACHINE:X86 Debug\Component.obj
         Debug\Controller.obj
         Debug\FramerateController.obj
         Debug\GameObject.obj
         Debug\InputManager.obj
         Debug\ResourceManager.obj
         Debug\Source.obj
         Debug\Sprite.obj
         Debug\Transform.obj
         Debug\UpDown.obj
         GameEngine.vcxproj -> C:\Users\Administrator\Documents\GitHub\DigiPen\GameEngine\GameEngine\Debug\GameEngine.exe
     1>Done Building Project "C:\Users\Administrator\Documents\GitHub\DigiPen\GameEngine\GameEngine\GameEngine\GameEngine.vcxproj" (Build target(s)).

Build succeeded.

Time Elapsed 00:00:02.57
